<?xml version="1.0" encoding="UTF-8"?>
<testng-results skipped="0" failed="0" ignored="0" total="1" passed="1">
  <reporter-output>
  </reporter-output>
  <suite name="Command line suite" duration-ms="38" started-at="2018-03-22T10:31:40Z" finished-at="2018-03-22T10:31:40Z">
    <groups>
    </groups>
    <test name="Command line test" duration-ms="38" started-at="2018-03-22T10:31:40Z" finished-at="2018-03-22T10:31:40Z">
      <class name="devops.vdit.testmaven.Maven.AppTest">
        <test-method status="PASS" signature="testApp()[pri:0, instance:testApp(devops.vdit.testmaven.Maven.AppTest)]" name="testApp" duration-ms="2" started-at="2018-03-22T16:01:40Z" finished-at="2018-03-22T16:01:40Z">
          <reporter-output>
          </reporter-output>
        </test-method> <!-- testApp -->
      </class> <!-- devops.vdit.testmaven.Maven.AppTest -->
    </test> <!-- Command line test -->
  </suite> <!-- Command line suite -->
</testng-results>
