<?xml version="1.0" encoding="UTF-8"?>
<testng-results skipped="0" failed="0" ignored="0" total="1" passed="1">
  <reporter-output>
  </reporter-output>
  <suite name="Default suite" duration-ms="35270" started-at="2018-03-21T10:53:48Z" finished-at="2018-03-21T10:54:23Z">
    <groups>
    </groups>
    <test name="Default test" duration-ms="35270" started-at="2018-03-21T10:53:48Z" finished-at="2018-03-21T10:54:23Z">
      <class name="devops.vdit.testmaven.Maven.MyFirstMavenTest">
        <test-method status="PASS" signature="SeleniumTutorialTest1()[pri:0, instance:devops.vdit.testmaven.Maven.MyFirstMavenTest@2a2d45ba]" name="SeleniumTutorialTest1" duration-ms="35248" started-at="2018-03-21T16:23:48Z" finished-at="2018-03-21T16:24:23Z">
          <reporter-output>
          </reporter-output>
        </test-method> <!-- SeleniumTutorialTest1 -->
      </class> <!-- devops.vdit.testmaven.Maven.MyFirstMavenTest -->
    </test> <!-- Default test -->
  </suite> <!-- Default suite -->
</testng-results>
